{"/home/lukaxpai/Desarrollo/catalogogrow/src/lib/errors.js": {"path":"/home/lukaxpai/Desarrollo/catalogogrow/src/lib/errors.js","statementMap":{"0":{"start":{"line":3,"column":8},"end":{"line":3,"column":null}},"1":{"start":{"line":4,"column":8},"end":{"line":4,"column":null}},"2":{"start":{"line":5,"column":8},"end":{"line":5,"column":null}},"3":{"start":{"line":6,"column":8},"end":{"line":6,"column":null}},"4":{"start":{"line":12,"column":8},"end":{"line":12,"column":null}},"5":{"start":{"line":13,"column":8},"end":{"line":13,"column":null}},"6":{"start":{"line":19,"column":8},"end":{"line":19,"column":null}},"7":{"start":{"line":20,"column":8},"end":{"line":20,"column":null}},"8":{"start":{"line":26,"column":8},"end":{"line":26,"column":null}},"9":{"start":{"line":27,"column":8},"end":{"line":27,"column":null}}},"fnMap":{"0":{"name":"(anonymous_0)","decl":{"start":{"line":2,"column":4},"end":{"line":2,"column":15}},"loc":{"start":{"line":2,"column":67},"end":{"line":7,"column":null}},"line":2},"1":{"name":"(anonymous_1)","decl":{"start":{"line":11,"column":4},"end":{"line":11,"column":15}},"loc":{"start":{"line":11,"column":25},"end":{"line":14,"column":null}},"line":11},"2":{"name":"(anonymous_2)","decl":{"start":{"line":18,"column":4},"end":{"line":18,"column":15}},"loc":{"start":{"line":18,"column":26},"end":{"line":21,"column":null}},"line":18},"3":{"name":"(anonymous_3)","decl":{"start":{"line":25,"column":4},"end":{"line":25,"column":15}},"loc":{"start":{"line":25,"column":43},"end":{"line":28,"column":null}},"line":25}},"branchMap":{"0":{"loc":{"start":{"line":2,"column":25},"end":{"line":2,"column":47}},"type":"default-arg","locations":[{"start":{"line":2,"column":32},"end":{"line":2,"column":47}}],"line":2},"1":{"loc":{"start":{"line":2,"column":49},"end":{"line":2,"column":65}},"type":"default-arg","locations":[{"start":{"line":2,"column":62},"end":{"line":2,"column":65}}],"line":2},"2":{"loc":{"start":{"line":25,"column":16},"end":{"line":25,"column":41}},"type":"default-arg","locations":[{"start":{"line":25,"column":26},"end":{"line":25,"column":41}}],"line":25}},"s":{"0":9,"1":9,"2":9,"3":9,"4":2,"5":2,"6":1,"7":1,"8":2,"9":2},"f":{"0":9,"1":2,"2":1,"3":2},"b":{"0":[9],"1":[9],"2":[2]},"meta":{"lastBranch":3,"lastFunction":4,"lastStatement":10,"seen":{"f:2:4:2:15":0,"b:2:32:2:47":0,"b:2:62:2:65":1,"s:3:8:3:Infinity":0,"s:4:8:4:Infinity":1,"s:5:8:5:Infinity":2,"s:6:8:6:Infinity":3,"f:11:4:11:15":1,"s:12:8:12:Infinity":4,"s:13:8:13:Infinity":5,"f:18:4:18:15":2,"s:19:8:19:Infinity":6,"s:20:8:20:Infinity":7,"f:25:4:25:15":3,"b:25:26:25:41":2,"s:26:8:26:Infinity":8,"s:27:8:27:Infinity":9}}}
,"/home/lukaxpai/Desarrollo/catalogogrow/src/lib/sanitize.js": {"path":"/home/lukaxpai/Desarrollo/catalogogrow/src/lib/sanitize.js","statementMap":{"0":{"start":{"line":8,"column":28},"end":{"line":18,"column":1}},"1":{"start":{"line":9,"column":4},"end":{"line":9,"column":null}},"2":{"start":{"line":9,"column":34},"end":{"line":9,"column":null}},"3":{"start":{"line":11,"column":4},"end":{"line":17,"column":null}},"4":{"start":{"line":25,"column":28},"end":{"line":30,"column":1}},"5":{"start":{"line":26,"column":4},"end":{"line":29,"column":null}}},"fnMap":{"0":{"name":"(anonymous_0)","decl":{"start":{"line":8,"column":28},"end":{"line":8,"column":29}},"loc":{"start":{"line":8,"column":38},"end":{"line":18,"column":1}},"line":8},"1":{"name":"(anonymous_1)","decl":{"start":{"line":25,"column":28},"end":{"line":25,"column":29}},"loc":{"start":{"line":25,"column":39},"end":{"line":30,"column":1}},"line":25}},"branchMap":{"0":{"loc":{"start":{"line":9,"column":4},"end":{"line":9,"column":null}},"type":"if","locations":[{"start":{"line":9,"column":4},"end":{"line":9,"column":null}},{"start":{},"end":{}}],"line":9}},"s":{"0":1,"1":11,"2":4,"3":7,"4":1,"5":4},"f":{"0":11,"1":4},"b":{"0":[4,7]},"meta":{"lastBranch":1,"lastFunction":2,"lastStatement":6,"seen":{"s:8:28:18:1":0,"f:8:28:8:29":0,"b:9:4:9:Infinity:undefined:undefined:undefined:undefined":0,"s:9:4:9:Infinity":1,"s:9:34:9:Infinity":2,"s:11:4:17:Infinity":3,"s:25:28:30:1":4,"f:25:28:25:29":1,"s:26:4:29:Infinity":5}}}
,"/home/lukaxpai/Desarrollo/catalogogrow/src/lib/validation.js": {"path":"/home/lukaxpai/Desarrollo/catalogogrow/src/lib/validation.js","statementMap":{"0":{"start":{"line":3,"column":27},"end":{"line":5,"column":91}},"1":{"start":{"line":7,"column":30},"end":{"line":12,"column":73}},"2":{"start":{"line":14,"column":29},"end":{"line":37,"column":2}}},"fnMap":{},"branchMap":{},"s":{"0":1,"1":1,"2":1},"f":{},"b":{},"meta":{"lastBranch":0,"lastFunction":0,"lastStatement":3,"seen":{"s:3:27:5:91":0,"s:7:30:12:73":1,"s:14:29:37:2":2}}}
}
